C:\USERS\AUNIQUEMIND\DOCUMENTS\VISUAL STUDIO 2012\PROJECTS\VOXILIAN\VOXILIAN\DEBUG\STDAFX.OBJ
C:\USERS\AUNIQUEMIND\DOCUMENTS\VISUAL STUDIO 2012\PROJECTS\VOXILIAN\VOXILIAN\DEBUG\VOXILIAN.OBJ
C:\USERS\AUNIQUEMIND\DOCUMENTS\VISUAL STUDIO 2012\PROJECTS\VOXILIAN\VOXILIAN\DEBUG\VC110.PDB
C:\USERS\AUNIQUEMIND\DOCUMENTS\VISUAL STUDIO 2012\PROJECTS\VOXILIAN\VOXILIAN\DEBUG\VC100.PDB
C:\USERS\AUNIQUEMIND\DOCUMENTS\VISUAL STUDIO 2012\PROJECTS\VOXILIAN\VOXILIAN\DEBUG\CAMERA.OBJ
C:\USERS\AUNIQUEMIND\DOCUMENTS\VISUAL STUDIO 2012\PROJECTS\VOXILIAN\VOXILIAN\DEBUG\ENTITY.OBJ
C:\USERS\AUNIQUEMIND\DOCUMENTS\VISUAL STUDIO 2012\PROJECTS\VOXILIAN\VOXILIAN\DEBUG\VOXEL.OBJ
C:\USERS\AUNIQUEMIND\DOCUMENTS\VISUAL STUDIO 2012\PROJECTS\VOXILIAN\VOXILIAN\DEBUG\PLAYER.OBJ
C:\USERS\AUNIQUEMIND\DOCUMENTS\VISUAL STUDIO 2012\PROJECTS\VOXILIAN\VOXILIAN\DEBUG\TYPES.OBJ
C:\USERS\AUNIQUEMIND\DOCUMENTS\VISUAL STUDIO 2012\PROJECTS\VOXILIAN\VOXILIAN\DEBUG\VOXELIANV1.EXE.EMBED.MANIFEST
C:\USERS\AUNIQUEMIND\DOCUMENTS\VISUAL STUDIO 2012\PROJECTS\VOXILIAN\VOXILIAN\DEBUG\VOXELIANV1.EXE.EMBED.MANIFEST.RES
C:\Users\AuniqueMIND\documents\visual studio 2012\Projects\Voxilian\Voxilian\Debug\Camera.obj
C:\Users\AuniqueMIND\documents\visual studio 2012\Projects\Voxilian\Voxilian\Debug\Entity.obj
C:\Users\AuniqueMIND\documents\visual studio 2012\Projects\Voxilian\Voxilian\Debug\Player.obj
C:\Users\AuniqueMIND\documents\visual studio 2012\Projects\Voxilian\Voxilian\Debug\stdafx.obj
C:\Users\AuniqueMIND\documents\visual studio 2012\Projects\Voxilian\Voxilian\Debug\Types.obj
C:\Users\AuniqueMIND\documents\visual studio 2012\Projects\Voxilian\Voxilian\Debug\Voxel.obj
C:\Users\AuniqueMIND\documents\visual studio 2012\Projects\Voxilian\Voxilian\Debug\Voxilian.obj
C:\Users\AuniqueMIND\documents\visual studio 2012\Projects\Voxilian\Voxilian\Debug\cl.command.1.tlog
C:\Users\AuniqueMIND\documents\visual studio 2012\Projects\Voxilian\Voxilian\Debug\CL.read.1.tlog
C:\Users\AuniqueMIND\documents\visual studio 2012\Projects\Voxilian\Voxilian\Debug\CL.write.1.tlog
C:\Users\AuniqueMIND\documents\visual studio 2012\Projects\Voxilian\Voxilian\Debug\link-cvtres.read.1.tlog
C:\Users\AuniqueMIND\documents\visual studio 2012\Projects\Voxilian\Voxilian\Debug\link-cvtres.write.1.tlog
C:\Users\AuniqueMIND\documents\visual studio 2012\Projects\Voxilian\Voxilian\Debug\link-rc.read.1.tlog
C:\Users\AuniqueMIND\documents\visual studio 2012\Projects\Voxilian\Voxilian\Debug\link-rc.write.1.tlog
C:\Users\AuniqueMIND\documents\visual studio 2012\Projects\Voxilian\Voxilian\Debug\link.10220-cvtres.read.1.tlog
C:\Users\AuniqueMIND\documents\visual studio 2012\Projects\Voxilian\Voxilian\Debug\link.10220-cvtres.write.1.tlog
C:\Users\AuniqueMIND\documents\visual studio 2012\Projects\Voxilian\Voxilian\Debug\link.10220-rc.read.1.tlog
C:\Users\AuniqueMIND\documents\visual studio 2012\Projects\Voxilian\Voxilian\Debug\link.10220-rc.write.1.tlog
C:\Users\AuniqueMIND\documents\visual studio 2012\Projects\Voxilian\Voxilian\Debug\link.10220.read.1.tlog
C:\Users\AuniqueMIND\documents\visual studio 2012\Projects\Voxilian\Voxilian\Debug\link.10220.write.1.tlog
C:\Users\AuniqueMIND\documents\visual studio 2012\Projects\Voxilian\Voxilian\Debug\link.10512-cvtres.read.1.tlog
C:\Users\AuniqueMIND\documents\visual studio 2012\Projects\Voxilian\Voxilian\Debug\link.10512-cvtres.write.1.tlog
C:\Users\AuniqueMIND\documents\visual studio 2012\Projects\Voxilian\Voxilian\Debug\link.10512-rc.read.1.tlog
C:\Users\AuniqueMIND\documents\visual studio 2012\Projects\Voxilian\Voxilian\Debug\link.10512-rc.write.1.tlog
C:\Users\AuniqueMIND\documents\visual studio 2012\Projects\Voxilian\Voxilian\Debug\link.10512.read.1.tlog
C:\Users\AuniqueMIND\documents\visual studio 2012\Projects\Voxilian\Voxilian\Debug\link.10512.write.1.tlog
C:\Users\AuniqueMIND\documents\visual studio 2012\Projects\Voxilian\Voxilian\Debug\link.12612-cvtres.read.1.tlog
C:\Users\AuniqueMIND\documents\visual studio 2012\Projects\Voxilian\Voxilian\Debug\link.12612-cvtres.write.1.tlog
C:\Users\AuniqueMIND\documents\visual studio 2012\Projects\Voxilian\Voxilian\Debug\link.12612-rc.read.1.tlog
C:\Users\AuniqueMIND\documents\visual studio 2012\Projects\Voxilian\Voxilian\Debug\link.12612-rc.write.1.tlog
C:\Users\AuniqueMIND\documents\visual studio 2012\Projects\Voxilian\Voxilian\Debug\link.12612.read.1.tlog
C:\Users\AuniqueMIND\documents\visual studio 2012\Projects\Voxilian\Voxilian\Debug\link.12612.write.1.tlog
C:\Users\AuniqueMIND\documents\visual studio 2012\Projects\Voxilian\Voxilian\Debug\link.13976-cvtres.read.1.tlog
C:\Users\AuniqueMIND\documents\visual studio 2012\Projects\Voxilian\Voxilian\Debug\link.13976-cvtres.write.1.tlog
C:\Users\AuniqueMIND\documents\visual studio 2012\Projects\Voxilian\Voxilian\Debug\link.13976-rc.read.1.tlog
C:\Users\AuniqueMIND\documents\visual studio 2012\Projects\Voxilian\Voxilian\Debug\link.13976-rc.write.1.tlog
C:\Users\AuniqueMIND\documents\visual studio 2012\Projects\Voxilian\Voxilian\Debug\link.13976.read.1.tlog
C:\Users\AuniqueMIND\documents\visual studio 2012\Projects\Voxilian\Voxilian\Debug\link.13976.write.1.tlog
C:\Users\AuniqueMIND\documents\visual studio 2012\Projects\Voxilian\Voxilian\Debug\link.14220-cvtres.read.1.tlog
C:\Users\AuniqueMIND\documents\visual studio 2012\Projects\Voxilian\Voxilian\Debug\link.14220-cvtres.write.1.tlog
C:\Users\AuniqueMIND\documents\visual studio 2012\Projects\Voxilian\Voxilian\Debug\link.14220-rc.read.1.tlog
C:\Users\AuniqueMIND\documents\visual studio 2012\Projects\Voxilian\Voxilian\Debug\link.14220-rc.write.1.tlog
C:\Users\AuniqueMIND\documents\visual studio 2012\Projects\Voxilian\Voxilian\Debug\link.14220.read.1.tlog
C:\Users\AuniqueMIND\documents\visual studio 2012\Projects\Voxilian\Voxilian\Debug\link.14220.write.1.tlog
C:\Users\AuniqueMIND\documents\visual studio 2012\Projects\Voxilian\Voxilian\Debug\link.1980-cvtres.read.1.tlog
C:\Users\AuniqueMIND\documents\visual studio 2012\Projects\Voxilian\Voxilian\Debug\link.1980-cvtres.write.1.tlog
C:\Users\AuniqueMIND\documents\visual studio 2012\Projects\Voxilian\Voxilian\Debug\link.1980-rc.read.1.tlog
C:\Users\AuniqueMIND\documents\visual studio 2012\Projects\Voxilian\Voxilian\Debug\link.1980-rc.write.1.tlog
C:\Users\AuniqueMIND\documents\visual studio 2012\Projects\Voxilian\Voxilian\Debug\link.1980.read.1.tlog
C:\Users\AuniqueMIND\documents\visual studio 2012\Projects\Voxilian\Voxilian\Debug\link.1980.write.1.tlog
C:\Users\AuniqueMIND\documents\visual studio 2012\Projects\Voxilian\Voxilian\Debug\link.4932-cvtres.read.1.tlog
C:\Users\AuniqueMIND\documents\visual studio 2012\Projects\Voxilian\Voxilian\Debug\link.4932-cvtres.write.1.tlog
C:\Users\AuniqueMIND\documents\visual studio 2012\Projects\Voxilian\Voxilian\Debug\link.4932-rc.read.1.tlog
C:\Users\AuniqueMIND\documents\visual studio 2012\Projects\Voxilian\Voxilian\Debug\link.4932-rc.write.1.tlog
C:\Users\AuniqueMIND\documents\visual studio 2012\Projects\Voxilian\Voxilian\Debug\link.4932.read.1.tlog
C:\Users\AuniqueMIND\documents\visual studio 2012\Projects\Voxilian\Voxilian\Debug\link.4932.write.1.tlog
C:\Users\AuniqueMIND\documents\visual studio 2012\Projects\Voxilian\Voxilian\Debug\link.5068-cvtres.read.1.tlog
C:\Users\AuniqueMIND\documents\visual studio 2012\Projects\Voxilian\Voxilian\Debug\link.5068-cvtres.write.1.tlog
C:\Users\AuniqueMIND\documents\visual studio 2012\Projects\Voxilian\Voxilian\Debug\link.5068-rc.read.1.tlog
C:\Users\AuniqueMIND\documents\visual studio 2012\Projects\Voxilian\Voxilian\Debug\link.5068-rc.write.1.tlog
C:\Users\AuniqueMIND\documents\visual studio 2012\Projects\Voxilian\Voxilian\Debug\link.5068.read.1.tlog
C:\Users\AuniqueMIND\documents\visual studio 2012\Projects\Voxilian\Voxilian\Debug\link.5068.write.1.tlog
C:\Users\AuniqueMIND\documents\visual studio 2012\Projects\Voxilian\Voxilian\Debug\link.6848-cvtres.read.1.tlog
C:\Users\AuniqueMIND\documents\visual studio 2012\Projects\Voxilian\Voxilian\Debug\link.6848-cvtres.write.1.tlog
C:\Users\AuniqueMIND\documents\visual studio 2012\Projects\Voxilian\Voxilian\Debug\link.6848.read.1.tlog
C:\Users\AuniqueMIND\documents\visual studio 2012\Projects\Voxilian\Voxilian\Debug\link.6848.write.1.tlog
C:\Users\AuniqueMIND\documents\visual studio 2012\Projects\Voxilian\Voxilian\Debug\link.7312-cvtres.read.1.tlog
C:\Users\AuniqueMIND\documents\visual studio 2012\Projects\Voxilian\Voxilian\Debug\link.7312-cvtres.write.1.tlog
C:\Users\AuniqueMIND\documents\visual studio 2012\Projects\Voxilian\Voxilian\Debug\link.7312-rc.read.1.tlog
C:\Users\AuniqueMIND\documents\visual studio 2012\Projects\Voxilian\Voxilian\Debug\link.7312-rc.write.1.tlog
C:\Users\AuniqueMIND\documents\visual studio 2012\Projects\Voxilian\Voxilian\Debug\link.7312.read.1.tlog
C:\Users\AuniqueMIND\documents\visual studio 2012\Projects\Voxilian\Voxilian\Debug\link.7312.write.1.tlog
C:\Users\AuniqueMIND\documents\visual studio 2012\Projects\Voxilian\Voxilian\Debug\link.7516-cvtres.read.1.tlog
C:\Users\AuniqueMIND\documents\visual studio 2012\Projects\Voxilian\Voxilian\Debug\link.7516-cvtres.write.1.tlog
C:\Users\AuniqueMIND\documents\visual studio 2012\Projects\Voxilian\Voxilian\Debug\link.7516-rc.read.1.tlog
C:\Users\AuniqueMIND\documents\visual studio 2012\Projects\Voxilian\Voxilian\Debug\link.7516-rc.write.1.tlog
C:\Users\AuniqueMIND\documents\visual studio 2012\Projects\Voxilian\Voxilian\Debug\link.7516.read.1.tlog
C:\Users\AuniqueMIND\documents\visual studio 2012\Projects\Voxilian\Voxilian\Debug\link.7516.write.1.tlog
C:\Users\AuniqueMIND\documents\visual studio 2012\Projects\Voxilian\Voxilian\Debug\link.7532-cvtres.read.1.tlog
C:\Users\AuniqueMIND\documents\visual studio 2012\Projects\Voxilian\Voxilian\Debug\link.7532-cvtres.write.1.tlog
C:\Users\AuniqueMIND\documents\visual studio 2012\Projects\Voxilian\Voxilian\Debug\link.7532-rc.read.1.tlog
C:\Users\AuniqueMIND\documents\visual studio 2012\Projects\Voxilian\Voxilian\Debug\link.7532-rc.write.1.tlog
C:\Users\AuniqueMIND\documents\visual studio 2012\Projects\Voxilian\Voxilian\Debug\link.7532.read.1.tlog
C:\Users\AuniqueMIND\documents\visual studio 2012\Projects\Voxilian\Voxilian\Debug\link.7532.write.1.tlog
C:\Users\AuniqueMIND\documents\visual studio 2012\Projects\Voxilian\Voxilian\Debug\link.7704-cvtres.read.1.tlog
C:\Users\AuniqueMIND\documents\visual studio 2012\Projects\Voxilian\Voxilian\Debug\link.7704-cvtres.write.1.tlog
C:\Users\AuniqueMIND\documents\visual studio 2012\Projects\Voxilian\Voxilian\Debug\link.7704-rc.read.1.tlog
C:\Users\AuniqueMIND\documents\visual studio 2012\Projects\Voxilian\Voxilian\Debug\link.7704-rc.write.1.tlog
C:\Users\AuniqueMIND\documents\visual studio 2012\Projects\Voxilian\Voxilian\Debug\link.7704.read.1.tlog
C:\Users\AuniqueMIND\documents\visual studio 2012\Projects\Voxilian\Voxilian\Debug\link.7704.write.1.tlog
C:\Users\AuniqueMIND\documents\visual studio 2012\Projects\Voxilian\Voxilian\Debug\link.8152-cvtres.read.1.tlog
C:\Users\AuniqueMIND\documents\visual studio 2012\Projects\Voxilian\Voxilian\Debug\link.8152-cvtres.write.1.tlog
C:\Users\AuniqueMIND\documents\visual studio 2012\Projects\Voxilian\Voxilian\Debug\link.8152-rc.read.1.tlog
C:\Users\AuniqueMIND\documents\visual studio 2012\Projects\Voxilian\Voxilian\Debug\link.8152-rc.write.1.tlog
C:\Users\AuniqueMIND\documents\visual studio 2012\Projects\Voxilian\Voxilian\Debug\link.8152.read.1.tlog
C:\Users\AuniqueMIND\documents\visual studio 2012\Projects\Voxilian\Voxilian\Debug\link.8152.write.1.tlog
C:\Users\AuniqueMIND\documents\visual studio 2012\Projects\Voxilian\Voxilian\Debug\link.8392-cvtres.read.1.tlog
C:\Users\AuniqueMIND\documents\visual studio 2012\Projects\Voxilian\Voxilian\Debug\link.8392-cvtres.write.1.tlog
C:\Users\AuniqueMIND\documents\visual studio 2012\Projects\Voxilian\Voxilian\Debug\link.8392-rc.read.1.tlog
C:\Users\AuniqueMIND\documents\visual studio 2012\Projects\Voxilian\Voxilian\Debug\link.8392-rc.write.1.tlog
C:\Users\AuniqueMIND\documents\visual studio 2012\Projects\Voxilian\Voxilian\Debug\link.8392.read.1.tlog
C:\Users\AuniqueMIND\documents\visual studio 2012\Projects\Voxilian\Voxilian\Debug\link.8392.write.1.tlog
C:\Users\AuniqueMIND\documents\visual studio 2012\Projects\Voxilian\Voxilian\Debug\link.8648-cvtres.read.1.tlog
C:\Users\AuniqueMIND\documents\visual studio 2012\Projects\Voxilian\Voxilian\Debug\link.8648-cvtres.write.1.tlog
C:\Users\AuniqueMIND\documents\visual studio 2012\Projects\Voxilian\Voxilian\Debug\link.8648-rc.read.1.tlog
C:\Users\AuniqueMIND\documents\visual studio 2012\Projects\Voxilian\Voxilian\Debug\link.8648-rc.write.1.tlog
C:\Users\AuniqueMIND\documents\visual studio 2012\Projects\Voxilian\Voxilian\Debug\link.8648.read.1.tlog
C:\Users\AuniqueMIND\documents\visual studio 2012\Projects\Voxilian\Voxilian\Debug\link.8648.write.1.tlog
C:\Users\AuniqueMIND\documents\visual studio 2012\Projects\Voxilian\Voxilian\Debug\link.8740-cvtres.read.1.tlog
C:\Users\AuniqueMIND\documents\visual studio 2012\Projects\Voxilian\Voxilian\Debug\link.8740-cvtres.write.1.tlog
C:\Users\AuniqueMIND\documents\visual studio 2012\Projects\Voxilian\Voxilian\Debug\link.8740-rc.read.1.tlog
C:\Users\AuniqueMIND\documents\visual studio 2012\Projects\Voxilian\Voxilian\Debug\link.8740-rc.write.1.tlog
C:\Users\AuniqueMIND\documents\visual studio 2012\Projects\Voxilian\Voxilian\Debug\link.8740.read.1.tlog
C:\Users\AuniqueMIND\documents\visual studio 2012\Projects\Voxilian\Voxilian\Debug\link.8740.write.1.tlog
C:\Users\AuniqueMIND\documents\visual studio 2012\Projects\Voxilian\Voxilian\Debug\link.9524-cvtres.read.1.tlog
C:\Users\AuniqueMIND\documents\visual studio 2012\Projects\Voxilian\Voxilian\Debug\link.9524-cvtres.write.1.tlog
C:\Users\AuniqueMIND\documents\visual studio 2012\Projects\Voxilian\Voxilian\Debug\link.9524-rc.read.1.tlog
C:\Users\AuniqueMIND\documents\visual studio 2012\Projects\Voxilian\Voxilian\Debug\link.9524-rc.write.1.tlog
C:\Users\AuniqueMIND\documents\visual studio 2012\Projects\Voxilian\Voxilian\Debug\link.9524.read.1.tlog
C:\Users\AuniqueMIND\documents\visual studio 2012\Projects\Voxilian\Voxilian\Debug\link.9524.write.1.tlog
C:\Users\AuniqueMIND\documents\visual studio 2012\Projects\Voxilian\Voxilian\Debug\link.command.1.tlog
C:\Users\AuniqueMIND\documents\visual studio 2012\Projects\Voxilian\Voxilian\Debug\link.read.1.tlog
C:\Users\AuniqueMIND\documents\visual studio 2012\Projects\Voxilian\Voxilian\Debug\link.write.1.tlog
C:\Users\AuniqueMIND\documents\visual studio 2012\Projects\Voxilian\Voxilian\Debug\mt.command.1.tlog
C:\Users\AuniqueMIND\documents\visual studio 2012\Projects\Voxilian\Voxilian\Debug\mt.read.1.tlog
C:\Users\AuniqueMIND\documents\visual studio 2012\Projects\Voxilian\Voxilian\Debug\mt.write.1.tlog
C:\Users\AuniqueMIND\documents\visual studio 2012\Projects\Voxilian\Voxilian\Debug\rc.command.1.tlog
C:\Users\AuniqueMIND\documents\visual studio 2012\Projects\Voxilian\Voxilian\Debug\rc.read.1.tlog
C:\Users\AuniqueMIND\documents\visual studio 2012\Projects\Voxilian\Voxilian\Debug\rc.write.1.tlog
C:\Users\AuniqueMIND\documents\visual studio 2012\Projects\Voxilian\Voxilian\Debug\VoxelianV1.exe.embed.manifest
C:\Users\AuniqueMIND\documents\visual studio 2012\Projects\Voxilian\Voxilian\Debug\VoxelianV1.exe.intermediate.manifest
C:\Users\AuniqueMIND\documents\visual studio 2012\Projects\Voxilian\Voxilian\Debug\VoxelianV1.exe.embed.manifest.res
C:\Users\AuniqueMIND\documents\visual studio 2012\Projects\Voxilian\Voxilian\Debug\vc100.idb
C:\Users\AuniqueMIND\documents\visual studio 2012\Projects\Voxilian\Voxilian\Debug\vc110.idb
C:\Users\AuniqueMIND\documents\visual studio 2012\Projects\Voxilian\Voxilian\Debug\vc100.pdb
C:\Users\AuniqueMIND\documents\visual studio 2012\Projects\Voxilian\Voxilian\Debug\vc110.pdb
C:\Users\AuniqueMIND\documents\visual studio 2012\Projects\Voxilian\Voxilian\Debug\VoxelianV1_manifest.rc
C:\Users\AuniqueMIND\documents\visual studio 2012\Projects\Voxilian\\Voxilian\Game\VoxelianV1.pdb
