Build started 2/8/2013 8:39:33 PM.
     1>Project "C:\Users\AuniqueMIND\documents\visual studio 2012\Projects\Voxilian\Voxilian\Voxilian.vcxproj" on node 2 (Build target(s)).
     1>ClCompile:
         C:\Program Files (x86)\Microsoft Visual Studio 11.0\VC\bin\CL.exe /c /ZI /nologo /W3 /WX- /Od /Oy- /D WIN32 /D _DEBUG /D _CONSOLE /D _UNICODE /D UNICODE /Gm /EHsc /RTC1 /MDd /GS /fp:precise /Zc:wchar_t /Zc:forScope /Fo"Debug\\" /Fd"Debug\vc110.pdb" /Gd /TP /analyze- /errorReport:prompt Voxel.cpp
         Voxel.cpp
     1>c:\users\auniquemind\documents\visual studio 2012\projects\voxilian\voxilian\voxel.cpp(328): warning C4244: 'argument' : conversion from 'double' to 'float', possible loss of data
     1>c:\users\auniquemind\documents\visual studio 2012\projects\voxilian\voxilian\voxel.cpp(331): warning C4244: 'argument' : conversion from 'double' to 'float', possible loss of data
     1>c:\users\auniquemind\documents\visual studio 2012\projects\voxilian\voxilian\voxel.cpp(334): warning C4244: 'argument' : conversion from 'double' to 'float', possible loss of data
     1>c:\users\auniquemind\documents\visual studio 2012\projects\voxilian\voxilian\voxel.cpp(337): warning C4244: 'argument' : conversion from 'double' to 'float', possible loss of data
     1>c:\users\auniquemind\documents\visual studio 2012\projects\voxilian\voxilian\voxel.cpp(340): warning C4244: 'argument' : conversion from 'double' to 'float', possible loss of data
     1>c:\users\auniquemind\documents\visual studio 2012\projects\voxilian\voxilian\voxel.cpp(343): warning C4244: 'argument' : conversion from 'double' to 'float', possible loss of data
     1>c:\users\auniquemind\documents\visual studio 2012\projects\voxilian\voxilian\voxel.cpp(346): warning C4244: 'argument' : conversion from 'double' to 'float', possible loss of data
     1>c:\users\auniquemind\documents\visual studio 2012\projects\voxilian\voxilian\voxel.cpp(349): warning C4244: 'argument' : conversion from 'double' to 'float', possible loss of data
     1>c:\users\auniquemind\documents\visual studio 2012\projects\voxilian\voxilian\voxel.cpp(352): warning C4244: 'argument' : conversion from 'double' to 'float', possible loss of data
     1>c:\users\auniquemind\documents\visual studio 2012\projects\voxilian\voxilian\voxel.cpp(355): warning C4244: 'argument' : conversion from 'double' to 'float', possible loss of data
     1>c:\users\auniquemind\documents\visual studio 2012\projects\voxilian\voxilian\voxel.cpp(358): warning C4244: 'argument' : conversion from 'double' to 'float', possible loss of data
     1>c:\users\auniquemind\documents\visual studio 2012\projects\voxilian\voxilian\voxel.cpp(361): warning C4244: 'argument' : conversion from 'double' to 'float', possible loss of data
     1>c:\users\auniquemind\documents\visual studio 2012\projects\voxilian\voxilian\voxel.cpp(397): warning C4244: '=' : conversion from 'double' to 'float', possible loss of data
     1>c:\users\auniquemind\documents\visual studio 2012\projects\voxilian\voxilian\voxel.cpp(398): warning C4244: '=' : conversion from 'double' to 'float', possible loss of data
     1>c:\users\auniquemind\documents\visual studio 2012\projects\voxilian\voxilian\voxel.cpp(399): warning C4244: '=' : conversion from 'double' to 'float', possible loss of data
       Link:
         C:\Program Files (x86)\Microsoft Visual Studio 11.0\VC\bin\link.exe /ERRORREPORT:PROMPT /OUT:"C:\Users\AuniqueMIND\documents\visual studio 2012\Projects\Voxilian\\Voxilian\Game\VoxelianV1.exe" /INCREMENTAL /NOLOGO opengl32.lib glu32.lib glfw.lib kernel32.lib user32.lib gdi32.lib winspool.lib comdlg32.lib advapi32.lib shell32.lib ole32.lib oleaut32.lib uuid.lib odbc32.lib odbccp32.lib /MANIFEST /MANIFESTUAC:"level='asInvoker' uiAccess='false'" /manifest:embed /DEBUG /PDB:"C:\Users\AuniqueMIND\documents\visual studio 2012\Projects\Voxilian\\Voxilian\Game\VoxelianV1.pdb" /SUBSYSTEM:CONSOLE /TLBID:1 /DYNAMICBASE /NXCOMPAT /IMPLIB:"C:\Users\AuniqueMIND\documents\visual studio 2012\Projects\Voxilian\\Voxilian\Game\VoxelianV1.lib" /MACHINE:X86 Debug\Camera.obj
         Debug\Entity.obj
         Debug\GLSYS.obj
         Debug\Math.obj
         Debug\Player.obj
         Debug\stdafx.obj
         Debug\Types.obj
         Debug\Voxel.obj
         Debug\Voxilian.obj
     1>LINK : warning LNK4098: defaultlib 'MSVCRT' conflicts with use of other libs; use /NODEFAULTLIB:library
     1>glfw.lib(enable.obj) : warning LNK4099: PDB 'vc110.pdb' was not found with 'glfw.lib(enable.obj)' or at 'C:\Users\AuniqueMIND\documents\visual studio 2012\Projects\Voxilian\Voxilian\Game\vc110.pdb'; linking object as if no debug info
     1>glfw.lib(glext.obj) : warning LNK4099: PDB 'vc110.pdb' was not found with 'glfw.lib(glext.obj)' or at 'C:\Users\AuniqueMIND\documents\visual studio 2012\Projects\Voxilian\Voxilian\Game\vc110.pdb'; linking object as if no debug info
     1>glfw.lib(init.obj) : warning LNK4099: PDB 'vc110.pdb' was not found with 'glfw.lib(init.obj)' or at 'C:\Users\AuniqueMIND\documents\visual studio 2012\Projects\Voxilian\Voxilian\Game\vc110.pdb'; linking object as if no debug info
     1>glfw.lib(input.obj) : warning LNK4099: PDB 'vc110.pdb' was not found with 'glfw.lib(input.obj)' or at 'C:\Users\AuniqueMIND\documents\visual studio 2012\Projects\Voxilian\Voxilian\Game\vc110.pdb'; linking object as if no debug info
     1>glfw.lib(time.obj) : warning LNK4099: PDB 'vc110.pdb' was not found with 'glfw.lib(time.obj)' or at 'C:\Users\AuniqueMIND\documents\visual studio 2012\Projects\Voxilian\Voxilian\Game\vc110.pdb'; linking object as if no debug info
     1>glfw.lib(win32_enable.obj) : warning LNK4099: PDB 'vc110.pdb' was not found with 'glfw.lib(win32_enable.obj)' or at 'C:\Users\AuniqueMIND\documents\visual studio 2012\Projects\Voxilian\Voxilian\Game\vc110.pdb'; linking object as if no debug info
     1>glfw.lib(win32_fullscreen.obj) : warning LNK4099: PDB 'vc110.pdb' was not found with 'glfw.lib(win32_fullscreen.obj)' or at 'C:\Users\AuniqueMIND\documents\visual studio 2012\Projects\Voxilian\Voxilian\Game\vc110.pdb'; linking object as if no debug info
     1>glfw.lib(win32_glext.obj) : warning LNK4099: PDB 'vc110.pdb' was not found with 'glfw.lib(win32_glext.obj)' or at 'C:\Users\AuniqueMIND\documents\visual studio 2012\Projects\Voxilian\Voxilian\Game\vc110.pdb'; linking object as if no debug info
     1>glfw.lib(win32_init.obj) : warning LNK4099: PDB 'vc110.pdb' was not found with 'glfw.lib(win32_init.obj)' or at 'C:\Users\AuniqueMIND\documents\visual studio 2012\Projects\Voxilian\Voxilian\Game\vc110.pdb'; linking object as if no debug info
     1>glfw.lib(win32_time.obj) : warning LNK4099: PDB 'vc110.pdb' was not found with 'glfw.lib(win32_time.obj)' or at 'C:\Users\AuniqueMIND\documents\visual studio 2012\Projects\Voxilian\Voxilian\Game\vc110.pdb'; linking object as if no debug info
     1>glfw.lib(win32_window.obj) : warning LNK4099: PDB 'vc110.pdb' was not found with 'glfw.lib(win32_window.obj)' or at 'C:\Users\AuniqueMIND\documents\visual studio 2012\Projects\Voxilian\Voxilian\Game\vc110.pdb'; linking object as if no debug info
     1>glfw.lib(window.obj) : warning LNK4099: PDB 'vc110.pdb' was not found with 'glfw.lib(window.obj)' or at 'C:\Users\AuniqueMIND\documents\visual studio 2012\Projects\Voxilian\Voxilian\Game\vc110.pdb'; linking object as if no debug info
         Voxilian.vcxproj -> C:\Users\AuniqueMIND\documents\visual studio 2012\Projects\Voxilian\\Voxilian\Game\VoxelianV1.exe
     1>Done Building Project "C:\Users\AuniqueMIND\documents\visual studio 2012\Projects\Voxilian\Voxilian\Voxilian.vcxproj" (Build target(s)).

Build succeeded.

Time Elapsed 00:00:03.10
