Build started 2/8/2013 11:02:53 PM.
     1>Project "C:\Users\AuniqueMIND\documents\visual studio 2012\Projects\Voxilian\Voxilian\Voxilian.vcxproj" on node 2 (Build target(s)).
     1>ClCompile:
         C:\Program Files (x86)\Microsoft Visual Studio 11.0\VC\bin\CL.exe /c /Zi /nologo /W3 /WX- /O2 /Oi /Oy- /GL /D WIN32 /D NDEBUG /D _CONSOLE /D _UNICODE /D UNICODE /Gm- /EHsc /MD /GS /Gy /fp:precise /Zc:wchar_t /Zc:forScope /Fo"Release\\" /Fd"Release\vc110.pdb" /Gd /TP /analyze- /errorReport:prompt Voxilian.cpp
         Voxilian.cpp
     1>Voxilian.cpp(53): warning C4244: '=' : conversion from 'int' to 'float', possible loss of data
     1>Voxilian.cpp(54): warning C4244: '=' : conversion from 'int' to 'float', possible loss of data
     1>Voxilian.cpp(55): warning C4244: '=' : conversion from 'int' to 'float', possible loss of data
     1>Voxilian.cpp(56): warning C4244: 'argument' : conversion from 'int' to 'float', possible loss of data
     1>Voxilian.cpp(57): warning C4244: 'argument' : conversion from 'int' to 'float', possible loss of data
     1>Voxilian.cpp(58): warning C4244: 'argument' : conversion from 'int' to 'float', possible loss of data
     1>Voxilian.cpp(59): warning C4244: 'argument' : conversion from 'int' to 'float', possible loss of data
     1>Voxilian.cpp(60): warning C4244: 'argument' : conversion from 'int' to 'float', possible loss of data
     1>Voxilian.cpp(61): warning C4244: 'argument' : conversion from 'int' to 'float', possible loss of data
     1>Voxilian.cpp(62): warning C4244: 'argument' : conversion from 'int' to 'float', possible loss of data
     1>Voxilian.cpp(63): warning C4244: 'argument' : conversion from 'int' to 'float', possible loss of data
     1>Voxilian.cpp(183): warning C4244: '=' : conversion from 'int' to 'float', possible loss of data
     1>Voxilian.cpp(184): warning C4244: '=' : conversion from 'int' to 'float', possible loss of data
     1>Voxilian.cpp(185): warning C4244: '=' : conversion from 'int' to 'float', possible loss of data
     1>Voxilian.cpp(219): warning C4018: '<' : signed/unsigned mismatch
       Link:
         C:\Program Files (x86)\Microsoft Visual Studio 11.0\VC\bin\link.exe /ERRORREPORT:PROMPT /OUT:"C:\Users\AuniqueMIND\documents\visual studio 2012\Projects\Voxilian\\Voxilian\Game\VoxilianV1.exe" /INCREMENTAL:NO /NOLOGO opengl32.lib glu32.lib glfw.lib kernel32.lib user32.lib gdi32.lib winspool.lib comdlg32.lib advapi32.lib shell32.lib ole32.lib oleaut32.lib uuid.lib odbc32.lib odbccp32.lib /MANIFEST /MANIFESTUAC:"level='asInvoker' uiAccess='false'" /manifest:embed /DEBUG /PDB:"C:\Users\AuniqueMIND\documents\visual studio 2012\Projects\Voxilian\\Voxilian\Game\VoxilianV1.pdb" /SUBSYSTEM:CONSOLE /OPT:REF /OPT:ICF /LTCG /TLBID:1 /DYNAMICBASE /NXCOMPAT /IMPLIB:"C:\Users\AuniqueMIND\documents\visual studio 2012\Projects\Voxilian\\Voxilian\Game\VoxilianV1.lib" /MACHINE:X86 /SAFESEH Release\Camera.obj
         Release\Entity.obj
         Release\GLSYS.obj
         Release\Math.obj
         Release\Player.obj
         Release\stdafx.obj
         Release\Types.obj
         Release\Voxel.obj
         Release\Voxilian.obj
         Generating code
         Finished generating code
     1>glfw.lib(enable.obj) : warning LNK4099: PDB 'vc110.pdb' was not found with 'glfw.lib(enable.obj)' or at 'C:\Users\AuniqueMIND\documents\visual studio 2012\Projects\Voxilian\Voxilian\Game\vc110.pdb'; linking object as if no debug info
     1>glfw.lib(glext.obj) : warning LNK4099: PDB 'vc110.pdb' was not found with 'glfw.lib(glext.obj)' or at 'C:\Users\AuniqueMIND\documents\visual studio 2012\Projects\Voxilian\Voxilian\Game\vc110.pdb'; linking object as if no debug info
     1>glfw.lib(init.obj) : warning LNK4099: PDB 'vc110.pdb' was not found with 'glfw.lib(init.obj)' or at 'C:\Users\AuniqueMIND\documents\visual studio 2012\Projects\Voxilian\Voxilian\Game\vc110.pdb'; linking object as if no debug info
     1>glfw.lib(input.obj) : warning LNK4099: PDB 'vc110.pdb' was not found with 'glfw.lib(input.obj)' or at 'C:\Users\AuniqueMIND\documents\visual studio 2012\Projects\Voxilian\Voxilian\Game\vc110.pdb'; linking object as if no debug info
     1>glfw.lib(time.obj) : warning LNK4099: PDB 'vc110.pdb' was not found with 'glfw.lib(time.obj)' or at 'C:\Users\AuniqueMIND\documents\visual studio 2012\Projects\Voxilian\Voxilian\Game\vc110.pdb'; linking object as if no debug info
     1>glfw.lib(win32_enable.obj) : warning LNK4099: PDB 'vc110.pdb' was not found with 'glfw.lib(win32_enable.obj)' or at 'C:\Users\AuniqueMIND\documents\visual studio 2012\Projects\Voxilian\Voxilian\Game\vc110.pdb'; linking object as if no debug info
     1>glfw.lib(win32_fullscreen.obj) : warning LNK4099: PDB 'vc110.pdb' was not found with 'glfw.lib(win32_fullscreen.obj)' or at 'C:\Users\AuniqueMIND\documents\visual studio 2012\Projects\Voxilian\Voxilian\Game\vc110.pdb'; linking object as if no debug info
     1>glfw.lib(win32_glext.obj) : warning LNK4099: PDB 'vc110.pdb' was not found with 'glfw.lib(win32_glext.obj)' or at 'C:\Users\AuniqueMIND\documents\visual studio 2012\Projects\Voxilian\Voxilian\Game\vc110.pdb'; linking object as if no debug info
     1>glfw.lib(win32_init.obj) : warning LNK4099: PDB 'vc110.pdb' was not found with 'glfw.lib(win32_init.obj)' or at 'C:\Users\AuniqueMIND\documents\visual studio 2012\Projects\Voxilian\Voxilian\Game\vc110.pdb'; linking object as if no debug info
     1>glfw.lib(win32_time.obj) : warning LNK4099: PDB 'vc110.pdb' was not found with 'glfw.lib(win32_time.obj)' or at 'C:\Users\AuniqueMIND\documents\visual studio 2012\Projects\Voxilian\Voxilian\Game\vc110.pdb'; linking object as if no debug info
     1>glfw.lib(win32_window.obj) : warning LNK4099: PDB 'vc110.pdb' was not found with 'glfw.lib(win32_window.obj)' or at 'C:\Users\AuniqueMIND\documents\visual studio 2012\Projects\Voxilian\Voxilian\Game\vc110.pdb'; linking object as if no debug info
     1>glfw.lib(window.obj) : warning LNK4099: PDB 'vc110.pdb' was not found with 'glfw.lib(window.obj)' or at 'C:\Users\AuniqueMIND\documents\visual studio 2012\Projects\Voxilian\Voxilian\Game\vc110.pdb'; linking object as if no debug info
         Voxilian.vcxproj -> C:\Users\AuniqueMIND\documents\visual studio 2012\Projects\Voxilian\\Voxilian\Game\VoxilianV1.exe
     1>Done Building Project "C:\Users\AuniqueMIND\documents\visual studio 2012\Projects\Voxilian\Voxilian\Voxilian.vcxproj" (Build target(s)).

Build succeeded.

Time Elapsed 00:00:28.64
